<?xml version="1.0" encoding="UTF-8"?>
<!-- Generated by org.testng.reporters.JUnitXMLReporter -->
<testsuite ignored="1" hostname="DESKTOP-LP7AJ40" failures="0" tests="1" name="Default test" time="6.972" errors="0" timestamp="2023-05-25T18:28:52 IST">
  <testcase classname="testCase.LaunchBrowserClosingBrowser" name="canada" time="6.85"/>
  <testcase classname="testCase.LaunchBrowserClosingBrowser" name="unitedStates" time="0.0">
    <ignored/>
  </testcase> <!-- unitedStates -->
</testsuite> <!-- Default test -->
