<?xml version="1.0" encoding="UTF-8"?>
<testng-results ignored="1" total="2" passed="1" failed="0" skipped="0">
  <reporter-output>
  </reporter-output>
  <suite started-at="2023-05-25T18:28:45 IST" name="Default suite" finished-at="2023-05-25T18:28:52 IST" duration-ms="6972">
    <groups>
    </groups>
    <test started-at="2023-05-25T18:28:45 IST" name="Default test" finished-at="2023-05-25T18:28:52 IST" duration-ms="6972">
      <class name="testCase.LaunchBrowserClosingBrowser">
        <test-method signature="canada()[pri:0, instance:testCase.LaunchBrowserClosingBrowser@212b5695]" started-at="2023-05-25T18:28:45 IST" name="canada" finished-at="2023-05-25T18:28:52 IST" duration-ms="6850" status="PASS">
          <reporter-output>
          </reporter-output>
        </test-method> <!-- canada -->
      </class> <!-- testCase.LaunchBrowserClosingBrowser -->
    </test> <!-- Default test -->
  </suite> <!-- Default suite -->
</testng-results>
